# JRE version: OpenJDK Runtime Environment (21.0.8) (build 21.0.8+-14196175-b1038.72)
# Java VM: OpenJDK 64-Bit Server VM (21.0.8+-14196175-b1038.72, mixed mode, tiered, compressed oops, compressed class ptrs, g1 gc, windows-amd64)
GC Precious Log:
 CardTable entry size: 512
 Card Set container configuration: InlinePtr #cards 4 size 8 Array Of Cards #cards 32 size 80 Howl #buckets 8 coarsen threshold 7372 Howl Bitmap #cards 1024 size 144 coarsen threshold 921 Card regions per heap region 1 cards per card region 8192
 CPUs: 12 total, 12 available
 Memory: 32573M
 Large Page Support: Disabled
 NUMA Support: Disabled
 Compressed Oops: Enabled (Zero based)
 Heap Region Size: 4M
 Heap Min Capacity: 8M
 Heap Initial Capacity: 512M
 Heap Max Capacity: 8144M
 Pre-touch: Disabled
 Parallel Workers: 10
 Concurrent Workers: 3
 Concurrent Refinement Workers: 10
 Periodic GC: Disabled
Heap:
 garbage-first heap   total 311296K, used 158267K [0x0000000603000000, 0x0000000800000000)
  region size 4096K, 28 young (114688K), 1 survivors (4096K)
 Metaspace       used 94010K, committed 94272K, reserved 1179648K
  class space    used 10318K, committed 10432K, reserved 1048576K
GC Heap History (20 events):
Event: 5.355 GC heap before
{Heap before GC invocations=5 (full 0):
 garbage-first heap   total 53248K, used 36737K [0x0000000603000000, 0x0000000800000000)
  region size 4096K, 6 young (24576K), 1 survivors (4096K)
 Metaspace       used 35911K, committed 36160K, reserved 1114112K
  class space    used 4419K, committed 4544K, reserved 1048576K
}
Event: 5.361 GC heap after
{Heap after GC invocations=6 (full 0):
 garbage-first heap   total 53248K, used 18023K [0x0000000603000000, 0x0000000800000000)
  region size 4096K, 1 young (4096K), 1 survivors (4096K)
 Metaspace       used 35911K, committed 36160K, reserved 1114112K
  class space    used 4419K, committed 4544K, reserved 1048576K
}
Event: 5.364 GC heap before
{Heap before GC invocations=6 (full 0):
 garbage-first heap   total 53248K, used 18023K [0x0000000603000000, 0x0000000800000000)
  region size 4096K, 2 young (8192K), 1 survivors (4096K)
 Metaspace       used 35939K, committed 36160K, reserved 1114112K
  class space    used 4419K, committed 4544K, reserved 1048576K
}
Event: 5.372 GC heap after
{Heap after GC invocations=7 (full 0):
 garbage-first heap   total 290816K, used 18662K [0x0000000603000000, 0x0000000800000000)
  region size 4096K, 1 young (4096K), 1 survivors (4096K)
 Metaspace       used 35939K, committed 36160K, reserved 1114112K
  class space    used 4419K, committed 4544K, reserved 1048576K
}
Event: 7.619 GC heap before
{Heap before GC invocations=8 (full 0):
 garbage-first heap   total 81920K, used 71910K [0x0000000603000000, 0x0000000800000000)
  region size 4096K, 15 young (61440K), 1 survivors (4096K)
 Metaspace       used 49677K, committed 49856K, reserved 1114112K
  class space    used 5879K, committed 5952K, reserved 1048576K
}
Event: 7.635 GC heap after
{Heap after GC invocations=9 (full 0):
 garbage-first heap   total 90112K, used 22619K [0x0000000603000000, 0x0000000800000000)
  region size 4096K, 2 young (8192K), 2 survivors (8192K)
 Metaspace       used 49677K, committed 49856K, reserved 1114112K
  class space    used 5879K, committed 5952K, reserved 1048576K
}
Event: 9.058 GC heap before
{Heap before GC invocations=9 (full 0):
 garbage-first heap   total 90112K, used 67675K [0x0000000603000000, 0x0000000800000000)
  region size 4096K, 13 young (53248K), 2 survivors (8192K)
 Metaspace       used 54628K, committed 54912K, reserved 1114112K
  class space    used 6492K, committed 6656K, reserved 1048576K
}
Event: 9.100 GC heap after
{Heap after GC invocations=10 (full 0):
 garbage-first heap   total 94208K, used 33816K [0x0000000603000000, 0x0000000800000000)
  region size 4096K, 2 young (8192K), 2 survivors (8192K)
 Metaspace       used 54628K, committed 54912K, reserved 1114112K
  class space    used 6492K, committed 6656K, reserved 1048576K
}
Event: 10.223 GC heap before
{Heap before GC invocations=10 (full 0):
 garbage-first heap   total 94208K, used 58392K [0x0000000603000000, 0x0000000800000000)
  region size 4096K, 9 young (36864K), 2 survivors (8192K)
 Metaspace       used 60308K, committed 60608K, reserved 1114112K
  class space    used 7255K, committed 7424K, reserved 1048576K
}
Event: 10.254 GC heap after
{Heap after GC invocations=11 (full 0):
 garbage-first heap   total 94208K, used 39101K [0x0000000603000000, 0x0000000800000000)
  region size 4096K, 1 young (4096K), 1 survivors (4096K)
 Metaspace       used 60308K, committed 60608K, reserved 1114112K
  class space    used 7255K, committed 7424K, reserved 1048576K
}
Event: 11.567 GC heap before
{Heap before GC invocations=12 (full 0):
 garbage-first heap   total 94208K, used 71869K [0x0000000603000000, 0x0000000800000000)
  region size 4096K, 9 young (36864K), 1 survivors (4096K)
 Metaspace       used 62637K, committed 62912K, reserved 1114112K
  class space    used 7583K, committed 7744K, reserved 1048576K
}
Event: 11.606 GC heap after
{Heap after GC invocations=13 (full 0):
 garbage-first heap   total 94208K, used 44796K [0x0000000603000000, 0x0000000800000000)
  region size 4096K, 2 young (8192K), 2 survivors (8192K)
 Metaspace       used 62637K, committed 62912K, reserved 1114112K
  class space    used 7583K, committed 7744K, reserved 1048576K
}
Event: 13.163 GC heap before
{Heap before GC invocations=13 (full 0):
 garbage-first heap   total 94208K, used 73468K [0x0000000603000000, 0x0000000800000000)
  region size 4096K, 9 young (36864K), 2 survivors (8192K)
 Metaspace       used 64501K, committed 64832K, reserved 1114112K
  class space    used 7680K, committed 7808K, reserved 1048576K
}
Event: 13.220 GC heap after
{Heap after GC invocations=14 (full 0):
 garbage-first heap   total 94208K, used 48461K [0x0000000603000000, 0x0000000800000000)
  region size 4096K, 1 young (4096K), 1 survivors (4096K)
 Metaspace       used 64501K, committed 64832K, reserved 1114112K
  class space    used 7680K, committed 7808K, reserved 1048576K
}
Event: 14.695 GC heap before
{Heap before GC invocations=14 (full 0):
 garbage-first heap   total 94208K, used 77133K [0x0000000603000000, 0x0000000800000000)
  region size 4096K, 8 young (32768K), 1 survivors (4096K)
 Metaspace       used 68210K, committed 68544K, reserved 1114112K
  class space    used 8023K, committed 8192K, reserved 1048576K
}
Event: 14.723 GC heap after
{Heap after GC invocations=15 (full 0):
 garbage-first heap   total 94208K, used 52851K [0x0000000603000000, 0x0000000800000000)
  region size 4096K, 1 young (4096K), 1 survivors (4096K)
 Metaspace       used 68210K, committed 68544K, reserved 1114112K
  class space    used 8023K, committed 8192K, reserved 1048576K
}
Event: 16.262 GC heap before
{Heap before GC invocations=16 (full 0):
 garbage-first heap   total 94208K, used 77427K [0x0000000603000000, 0x0000000800000000)
  region size 4096K, 7 young (28672K), 1 survivors (4096K)
 Metaspace       used 72313K, committed 72640K, reserved 1114112K
  class space    used 8366K, committed 8512K, reserved 1048576K
}
Event: 16.283 GC heap after
{Heap after GC invocations=17 (full 0):
 garbage-first heap   total 94208K, used 54856K [0x0000000603000000, 0x0000000800000000)
  region size 4096K, 1 young (4096K), 1 survivors (4096K)
 Metaspace       used 72313K, committed 72640K, reserved 1114112K
  class space    used 8366K, committed 8512K, reserved 1048576K
}
Event: 17.528 GC heap before
{Heap before GC invocations=17 (full 0):
 garbage-first heap   total 94208K, used 79432K [0x0000000603000000, 0x0000000800000000)
  region size 4096K, 7 young (28672K), 1 survivors (4096K)
 Metaspace       used 77070K, committed 77376K, reserved 1179648K
  class space    used 8812K, committed 8960K, reserved 1048576K
}
Event: 17.557 GC heap after
{Heap after GC invocations=18 (full 0):
 garbage-first heap   total 311296K, used 55867K [0x0000000603000000, 0x0000000800000000)
  region size 4096K, 1 young (4096K), 1 survivors (4096K)
 Metaspace       used 77070K, committed 77376K, reserved 1179648K
  class space    used 8812K, committed 8960K, reserved 1048576K
}

