# JRE version: OpenJDK Runtime Environment (21.0.8) (build 21.0.8+-14196175-b1038.72)
# Java VM: OpenJDK 64-Bit Server VM (21.0.8+-14196175-b1038.72, mixed mode, tiered, compressed oops, compressed class ptrs, g1 gc, windows-amd64)
GC Precious Log:
 CardTable entry size: 512
 Card Set container configuration: InlinePtr #cards 4 size 8 Array Of Cards #cards 32 size 80 Howl #buckets 8 coarsen threshold 7372 Howl Bitmap #cards 1024 size 144 coarsen threshold 921 Card regions per heap region 1 cards per card region 8192
 CPUs: 12 total, 12 available
 Memory: 32573M
 Large Page Support: Disabled
 NUMA Support: Disabled
 Compressed Oops: Enabled (Zero based)
 Heap Region Size: 4M
 Heap Min Capacity: 8M
 Heap Initial Capacity: 512M
 Heap Max Capacity: 8144M
 Pre-touch: Disabled
 Parallel Workers: 10
 Concurrent Workers: 3
 Concurrent Refinement Workers: 10
 Periodic GC: Disabled
Heap:
 garbage-first heap   total 196608K, used 79091K [0x0000000603000000, 0x0000000800000000)
  region size 4096K, 7 young (28672K), 2 survivors (8192K)
 Metaspace       used 69716K, committed 70016K, reserved 1114112K
  class space    used 7932K, committed 8064K, reserved 1048576K
GC Heap History (20 events):
Event: 2.515 GC heap before
{Heap before GC invocations=1 (full 0):
 garbage-first heap   total 524288K, used 27352K [0x0000000603000000, 0x0000000800000000)
  region size 4096K, 7 young (28672K), 1 survivors (4096K)
 Metaspace       used 21260K, committed 21504K, reserved 1114112K
  class space    used 2229K, committed 2368K, reserved 1048576K
}
Event: 2.519 GC heap after
{Heap after GC invocations=2 (full 0):
 garbage-first heap   total 524288K, used 8329K [0x0000000603000000, 0x0000000800000000)
  region size 4096K, 2 young (8192K), 2 survivors (8192K)
 Metaspace       used 21260K, committed 21504K, reserved 1114112K
  class space    used 2229K, committed 2368K, reserved 1048576K
}
Event: 3.549 GC heap before
{Heap before GC invocations=3 (full 0):
 garbage-first heap   total 40960K, used 37001K [0x0000000603000000, 0x0000000800000000)
  region size 4096K, 9 young (36864K), 2 survivors (8192K)
 Metaspace       used 27187K, committed 27392K, reserved 1114112K
  class space    used 2966K, committed 3072K, reserved 1048576K
}
Event: 3.560 GC heap after
{Heap after GC invocations=4 (full 0):
 garbage-first heap   total 53248K, used 14537K [0x0000000603000000, 0x0000000800000000)
  region size 4096K, 3 young (12288K), 3 survivors (12288K)
 Metaspace       used 27187K, committed 27392K, reserved 1114112K
  class space    used 2966K, committed 3072K, reserved 1048576K
}
Event: 4.222 GC heap before
{Heap before GC invocations=4 (full 0):
 garbage-first heap   total 53248K, used 30921K [0x0000000603000000, 0x0000000800000000)
  region size 4096K, 7 young (28672K), 3 survivors (12288K)
 Metaspace       used 32152K, committed 32384K, reserved 1114112K
  class space    used 4022K, committed 4160K, reserved 1048576K
}
Event: 4.235 GC heap after
{Heap after GC invocations=5 (full 0):
 garbage-first heap   total 53248K, used 16068K [0x0000000603000000, 0x0000000800000000)
  region size 4096K, 1 young (4096K), 1 survivors (4096K)
 Metaspace       used 32152K, committed 32384K, reserved 1114112K
  class space    used 4022K, committed 4160K, reserved 1048576K
}
Event: 4.766 GC heap before
{Heap before GC invocations=5 (full 0):
 garbage-first heap   total 53248K, used 32452K [0x0000000603000000, 0x0000000800000000)
  region size 4096K, 6 young (24576K), 1 survivors (4096K)
 Metaspace       used 35717K, committed 36032K, reserved 1114112K
  class space    used 4398K, committed 4544K, reserved 1048576K
}
Event: 4.773 GC heap after
{Heap after GC invocations=6 (full 0):
 garbage-first heap   total 53248K, used 17432K [0x0000000603000000, 0x0000000800000000)
  region size 4096K, 1 young (4096K), 1 survivors (4096K)
 Metaspace       used 35717K, committed 36032K, reserved 1114112K
  class space    used 4398K, committed 4544K, reserved 1048576K
}
Event: 6.081 GC heap before
{Heap before GC invocations=7 (full 0):
 garbage-first heap   total 53248K, used 33816K [0x0000000603000000, 0x0000000800000000)
  region size 4096K, 6 young (24576K), 1 survivors (4096K)
 Metaspace       used 38626K, committed 38848K, reserved 1114112K
  class space    used 4701K, committed 4800K, reserved 1048576K
}
Event: 6.101 GC heap after
{Heap after GC invocations=8 (full 0):
 garbage-first heap   total 53248K, used 20934K [0x0000000603000000, 0x0000000800000000)
  region size 4096K, 1 young (4096K), 1 survivors (4096K)
 Metaspace       used 38626K, committed 38848K, reserved 1114112K
  class space    used 4701K, committed 4800K, reserved 1048576K
}
Event: 6.836 GC heap before
{Heap before GC invocations=8 (full 0):
 garbage-first heap   total 53248K, used 37318K [0x0000000603000000, 0x0000000800000000)
  region size 4096K, 5 young (20480K), 1 survivors (4096K)
 Metaspace       used 42296K, committed 42496K, reserved 1114112K
  class space    used 5044K, committed 5120K, reserved 1048576K
}
Event: 6.862 GC heap after
{Heap after GC invocations=9 (full 0):
 garbage-first heap   total 290816K, used 23487K [0x0000000603000000, 0x0000000800000000)
  region size 4096K, 1 young (4096K), 1 survivors (4096K)
 Metaspace       used 42296K, committed 42496K, reserved 1114112K
  class space    used 5044K, committed 5120K, reserved 1048576K
}
Event: 10.756 GC heap before
{Heap before GC invocations=9 (full 0):
 garbage-first heap   total 290816K, used 134079K [0x0000000603000000, 0x0000000800000000)
  region size 4096K, 30 young (122880K), 1 survivors (4096K)
 Metaspace       used 60066K, committed 60288K, reserved 1114112K
  class space    used 7047K, committed 7168K, reserved 1048576K
}
Event: 10.782 GC heap after
{Heap after GC invocations=10 (full 0):
 garbage-first heap   total 290816K, used 44723K [0x0000000603000000, 0x0000000800000000)
  region size 4096K, 6 young (24576K), 6 survivors (24576K)
 Metaspace       used 60066K, committed 60288K, reserved 1114112K
  class space    used 7047K, committed 7168K, reserved 1048576K
}
Event: 14.468 GC heap before
{Heap before GC invocations=11 (full 0):
 garbage-first heap   total 163840K, used 118451K [0x0000000603000000, 0x0000000800000000)
  region size 4096K, 24 young (98304K), 6 survivors (24576K)
 Metaspace       used 65245K, committed 65600K, reserved 1114112K
  class space    used 7605K, committed 7744K, reserved 1048576K
}
Event: 14.518 GC heap after
{Heap after GC invocations=12 (full 0):
 garbage-first heap   total 163840K, used 54827K [0x0000000603000000, 0x0000000800000000)
  region size 4096K, 3 young (12288K), 3 survivors (12288K)
 Metaspace       used 65245K, committed 65600K, reserved 1114112K
  class space    used 7605K, committed 7744K, reserved 1048576K
}
Event: 16.240 GC heap before
{Heap before GC invocations=12 (full 0):
 garbage-first heap   total 163840K, used 116267K [0x0000000603000000, 0x0000000800000000)
  region size 4096K, 18 young (73728K), 3 survivors (12288K)
 Metaspace       used 65982K, committed 66304K, reserved 1114112K
  class space    used 7606K, committed 7744K, reserved 1048576K
}
Event: 16.266 GC heap after
{Heap after GC invocations=13 (full 0):
 garbage-first heap   total 163840K, used 59435K [0x0000000603000000, 0x0000000800000000)
  region size 4096K, 1 young (4096K), 1 survivors (4096K)
 Metaspace       used 65982K, committed 66304K, reserved 1114112K
  class space    used 7606K, committed 7744K, reserved 1048576K
}
Event: 17.698 GC heap before
{Heap before GC invocations=13 (full 0):
 garbage-first heap   total 163840K, used 124971K [0x0000000603000000, 0x0000000800000000)
  region size 4096K, 17 young (69632K), 1 survivors (4096K)
 Metaspace       used 66331K, committed 66624K, reserved 1114112K
  class space    used 7606K, committed 7744K, reserved 1048576K
}
Event: 17.718 GC heap after
{Heap after GC invocations=14 (full 0):
 garbage-first heap   total 196608K, used 62707K [0x0000000603000000, 0x0000000800000000)
  region size 4096K, 2 young (8192K), 2 survivors (8192K)
 Metaspace       used 66331K, committed 66624K, reserved 1114112K
  class space    used 7606K, committed 7744K, reserved 1048576K
}

